identifier a -> (3, 0)
, -> (-1, -1)
identifier b -> (4, 0)
, -> (-1, -1)
identifier c -> (5, 0)
- -> (-1, -1)
> -> (-1, -1)
integer -> (-1, -1)
identifier delta -> (5, 1)
- -> (-1, -1)
> -> (-1, -1)
integer -> (-1, -1)
identifier sol1 -> (7, 0)
, -> (-1, -1)
identifier sol2 -> (8, 0)
- -> (-1, -1)
> -> (-1, -1)
float -> (-1, -1)
out -> (-1, -1)
( -> (-1, -1)
" -> (-1, -1)
str constant "type a, b, and c, where the equation is ax^2 + bx + c = 0" -> (42, 0)
in -> (-1, -1)
( -> (-1, -1)
identifier a -> (3, 0)
) -> (-1, -1)
in -> (-1, -1)
( -> (-1, -1)
identifier b -> (4, 0)
) -> (-1, -1)
in -> (-1, -1)
( -> (-1, -1)
identifier c -> (5, 0)
) -> (-1, -1)
identifier delta -> (5, 1)
= -> (-1, -1)
identifier b -> (4, 0)
^ -> (-1, -1)
int constant 2 -> (2, 0)
int constant -4 -> (43, 0)
* -> (-1, -1)
identifier a -> (3, 0)
* -> (-1, -1)
identifier c -> (5, 0)
if -> (-1, -1)
( -> (-1, -1)
identifier delta -> (5, 1)
< -> (-1, -1)
int constant 0 -> (0, 0)
) -> (-1, -1)
{ -> (-1, -1)
out -> (-1, -1)
( -> (-1, -1)
" -> (-1, -1)
str constant "no real solution" -> (21, 0)
} -> (-1, -1)
if -> (-1, -1)
( -> (-1, -1)
identifier delta -> (5, 1)
= -> (-1, -1)
= -> (-1, -1)
int constant 0 -> (0, 0)
) -> (-1, -1)
{ -> (-1, -1)
identifier sol1 -> (7, 0)
= -> (-1, -1)
( -> (-1, -1)
- -> (-1, -1)
identifier b -> (4, 0)
+ -> (-1, -1)
sqrt -> (-1, -1)
( -> (-1, -1)
identifier delta -> (5, 1)
) -> (-1, -1)
) -> (-1, -1)
/ -> (-1, -1)
( -> (-1, -1)
int constant 2 -> (2, 0)
* -> (-1, -1)
identifier a -> (3, 0)
) -> (-1, -1)
out -> (-1, -1)
( -> (-1, -1)
identifier sol1 -> (7, 0)
) -> (-1, -1)
} -> (-1, -1)
if -> (-1, -1)
( -> (-1, -1)
identifier delta -> (5, 1)
> -> (-1, -1)
int constant 0 -> (0, 0)
) -> (-1, -1)
{ -> (-1, -1)
identifier sol1 -> (7, 0)
= -> (-1, -1)
( -> (-1, -1)
- -> (-1, -1)
identifier b -> (4, 0)
+ -> (-1, -1)
sqrt -> (-1, -1)
( -> (-1, -1)
identifier delta -> (5, 1)
) -> (-1, -1)
) -> (-1, -1)
/ -> (-1, -1)
( -> (-1, -1)
int constant 2 -> (2, 0)
* -> (-1, -1)
identifier a -> (3, 0)
) -> (-1, -1)
identifier sol2 -> (8, 0)
= -> (-1, -1)
( -> (-1, -1)
- -> (-1, -1)
identifier b -> (4, 0)
- -> (-1, -1)
sqrt -> (-1, -1)
( -> (-1, -1)
identifier delta -> (5, 1)
) -> (-1, -1)
) -> (-1, -1)
/ -> (-1, -1)
( -> (-1, -1)
int constant 2 -> (2, 0)
* -> (-1, -1)
identifier a -> (3, 0)
) -> (-1, -1)
out -> (-1, -1)
( -> (-1, -1)
identifier sol1 -> (7, 0)
, -> (-1, -1)
identifier sol2 -> (8, 0)
) -> (-1, -1)
} -> (-1, -1)
