identifier a -> (3, 0)
, -> (-1, -1)
identifier b -> (4, 0)
, -> (-1, -1)
identifier c -> (5, 0)
, -> (-1, -1)
identifier min -> (42, 0)
- -> (-1, -1)
> -> (-1, -1)
integer -> (-1, -1)
in -> (-1, -1)
( -> (-1, -1)
identifier a -> (3, 0)
) -> (-1, -1)
in -> (-1, -1)
( -> (-1, -1)
identifier b -> (4, 0)
) -> (-1, -1)
in -> (-1, -1)
( -> (-1, -1)
identifier c -> (5, 0)
) -> (-1, -1)
identifier min -> (42, 0)
= -> (-1, -1)
identifier a -> (3, 0)
if -> (-1, -1)
( -> (-1, -1)
identifier min -> (42, 0)
> -> (-1, -1)
identifier b -> (4, 0)
) -> (-1, -1)
{ -> (-1, -1)
identifier min -> (42, 0)
= -> (-1, -1)
identifier b -> (4, 0)
} -> (-1, -1)
if -> (-1, -1)
( -> (-1, -1)
identifier min -> (42, 0)
> -> (-1, -1)
identifier c -> (5, 0)
) -> (-1, -1)
{ -> (-1, -1)
identifier min -> (42, 0)
= -> (-1, -1)
identifier c -> (5, 0)
} -> (-1, -1)
out -> (-1, -1)
( -> (-1, -1)
identifier min -> (42, 0)
) -> (-1, -1)
