identifier n -> (16, 0)
- -> (-1, -1)
> -> (-1, -1)
integer -> (-1, -1)
identifier i -> (11, 0)
- -> (-1, -1)
> -> (-1, -1)
integer -> (-1, -1)
identifier sum -> (12, 0)
- -> (-1, -1)
> -> (-1, -1)
integer -> (-1, -1)
identifier buf -> (35, 0)
- -> (-1, -1)
> -> (-1, -1)
integer -> (-1, -1)
identifier sum -> (12, 0)
= -> (-1, -1)
int constant 0 -> (0, 0)
in -> (-1, -1)
( -> (-1, -1)
identifier n -> (16, 0)
) -> (-1, -1)
for -> (-1, -1)
( -> (-1, -1)
identifier i -> (11, 0)
= -> (-1, -1)
int constant 0 -> (0, 0)
, -> (-1, -1)
identifier i -> (11, 0)
< -> (-1, -1)
identifier n -> (16, 0)
, -> (-1, -1)
identifier i -> (11, 0)
= -> (-1, -1)
identifier i -> (11, 0)
int constant +1 -> (1, 0)
) -> (-1, -1)
{ -> (-1, -1)
in -> (-1, -1)
( -> (-1, -1)
identifier buf -> (35, 0)
) -> (-1, -1)
identifier sum -> (12, 0)
= -> (-1, -1)
identifier sum -> (12, 0)
+ -> (-1, -1)
identifier buf -> (35, 0)
} -> (-1, -1)
out -> (-1, -1)
( -> (-1, -1)
identifier sum -> (12, 0)
) -> (-1, -1)
